[2019-05-13 00:33:53.698] [sharedprocess] [info] main {"machineId":"3889f51a5ca101d7348a2e2907a902c2620ee9e5f7c303d742b041ca46e27bb2"}
[2019-05-13 00:33:54.129] [sharedprocess] [info] Scanned user extensions: 10
[2019-05-13 00:33:54.363] [sharedprocess] [info] Scanned system extensions: 72
[2019-05-13 00:33:54.366] [sharedprocess] [info] Deleted from disk eamodio.gitlens /root/.vscode/extensions/eamodio.gitlens-9.7.2
[2019-05-13 00:33:55.974] [sharedprocess] [info] Scanned user extensions: 10
[2019-05-13 00:33:55.996] [sharedprocess] [info] Scanned user extensions: 10
[2019-05-13 00:33:56.102] [sharedprocess] [info] Scanned system extensions: 72
[2019-05-13 00:33:56.155] [sharedprocess] [info] Scanned system extensions: 72
[2019-05-13 00:33:58.946] [sharedprocess] [info] Scanned user extensions: 10
[2019-05-13 00:34:33.751] [sharedprocess] [info] Starting to clean up unused language packs.
[2019-05-13 00:38:59.291] [sharedprocess] [info] Scanned user extensions: 10
[2019-05-13 00:43:59.420] [sharedprocess] [info] Scanned user extensions: 10
[2019-05-13 00:48:59.504] [sharedprocess] [info] Scanned user extensions: 10
[2019-05-13 00:53:59.567] [sharedprocess] [info] Scanned user extensions: 10
[2019-05-13 00:58:59.639] [sharedprocess] [info] Scanned user extensions: 10
[2019-05-13 01:03:59.725] [sharedprocess] [info] Scanned user extensions: 10
[2019-05-13 01:08:59.825] [sharedprocess] [info] Scanned user extensions: 10
[2019-05-13 01:13:59.937] [sharedprocess] [info] Scanned user extensions: 10
[2019-05-13 01:19:00.016] [sharedprocess] [info] Scanned user extensions: 10
[2019-05-13 01:24:00.075] [sharedprocess] [info] Scanned user extensions: 10
[2019-05-13 01:29:00.139] [sharedprocess] [info] Scanned user extensions: 10
[2019-05-13 01:34:00.228] [sharedprocess] [info] Scanned user extensions: 10
[2019-05-13 01:39:00.665] [sharedprocess] [info] Scanned user extensions: 10
[2019-05-13 01:44:00.802] [sharedprocess] [info] Scanned user extensions: 10
[2019-05-13 01:49:00.910] [sharedprocess] [info] Scanned user extensions: 10
[2019-05-13 01:54:01.065] [sharedprocess] [info] Scanned user extensions: 10
[2019-05-13 01:59:01.273] [sharedprocess] [info] Scanned user extensions: 10
[2019-05-13 02:04:01.379] [sharedprocess] [info] Scanned user extensions: 10
[2019-05-13 02:09:01.485] [sharedprocess] [info] Scanned user extensions: 10
[2019-05-13 02:14:01.630] [sharedprocess] [info] Scanned user extensions: 10
[2019-05-13 02:19:01.753] [sharedprocess] [info] Scanned user extensions: 10
[2019-05-13 02:24:01.954] [sharedprocess] [info] Scanned user extensions: 10
[2019-05-13 02:29:02.160] [sharedprocess] [info] Scanned user extensions: 10
[2019-05-13 02:34:02.278] [sharedprocess] [info] Scanned user extensions: 10
[2019-05-13 11:29:36.397] [sharedprocess] [info] Scanned user extensions: 10
[2019-05-13 11:34:36.469] [sharedprocess] [info] Scanned user extensions: 10
[2019-05-13 11:39:36.543] [sharedprocess] [info] Scanned user extensions: 10
[2019-05-13 11:44:36.645] [sharedprocess] [info] Scanned user extensions: 10
[2019-05-13 11:49:36.733] [sharedprocess] [info] Scanned user extensions: 10
[2019-05-13 11:54:36.818] [sharedprocess] [info] Scanned user extensions: 10
[2019-05-13 11:59:36.920] [sharedprocess] [info] Scanned user extensions: 10
[2019-05-13 12:04:37.696] [sharedprocess] [info] Scanned user extensions: 10
[2019-05-13 12:09:37.780] [sharedprocess] [info] Scanned user extensions: 10
[2019-05-13 12:14:37.854] [sharedprocess] [info] Scanned user extensions: 10
[2019-05-13 12:19:37.953] [sharedprocess] [info] Scanned user extensions: 10
[2019-05-13 12:24:38.073] [sharedprocess] [info] Scanned user extensions: 10
[2019-05-13 12:29:38.421] [sharedprocess] [info] Scanned user extensions: 10
[2019-05-13 12:34:38.499] [sharedprocess] [info] Scanned user extensions: 10
[2019-05-13 12:39:38.917] [sharedprocess] [info] Scanned user extensions: 10
[2019-05-13 12:44:39.065] [sharedprocess] [info] Scanned user extensions: 10
[2019-05-13 12:49:39.277] [sharedprocess] [info] Scanned user extensions: 10
[2019-05-13 12:54:39.359] [sharedprocess] [info] Scanned user extensions: 10
[2019-05-13 12:59:39.451] [sharedprocess] [info] Scanned user extensions: 10
[2019-05-13 13:04:39.549] [sharedprocess] [info] Scanned user extensions: 10
[2019-05-13 13:09:39.630] [sharedprocess] [info] Scanned user extensions: 10
[2019-05-13 13:14:39.698] [sharedprocess] [info] Scanned user extensions: 10
[2019-05-13 13:19:39.772] [sharedprocess] [info] Scanned user extensions: 10
[2019-05-13 13:24:39.846] [sharedprocess] [info] Scanned user extensions: 10
[2019-05-13 13:29:40.179] [sharedprocess] [info] Scanned user extensions: 10
[2019-05-13 13:34:40.283] [sharedprocess] [info] Scanned user extensions: 10
[2019-05-13 13:39:40.370] [sharedprocess] [info] Scanned user extensions: 10
[2019-05-13 13:44:40.454] [sharedprocess] [info] Scanned user extensions: 10
[2019-05-13 13:49:40.531] [sharedprocess] [info] Scanned user extensions: 10
[2019-05-13 13:54:40.596] [sharedprocess] [info] Scanned user extensions: 10
[2019-05-13 13:59:40.662] [sharedprocess] [info] Scanned user extensions: 10
[2019-05-13 14:04:40.730] [sharedprocess] [info] Scanned user extensions: 10
[2019-05-13 14:09:40.797] [sharedprocess] [info] Scanned user extensions: 10
[2019-05-13 14:14:40.880] [sharedprocess] [info] Scanned user extensions: 10
[2019-05-13 14:19:40.946] [sharedprocess] [info] Scanned user extensions: 10
[2019-05-13 14:24:41.011] [sharedprocess] [info] Scanned user extensions: 10
[2019-05-13 14:29:41.338] [sharedprocess] [info] Scanned user extensions: 10
[2019-05-13 14:34:41.403] [sharedprocess] [info] Scanned user extensions: 10
[2019-05-13 14:39:41.463] [sharedprocess] [info] Scanned user extensions: 10
[2019-05-13 14:44:41.530] [sharedprocess] [info] Scanned user extensions: 10
[2019-05-13 14:49:41.593] [sharedprocess] [info] Scanned user extensions: 10
[2019-05-13 14:54:41.653] [sharedprocess] [info] Scanned user extensions: 10
[2019-05-13 14:59:41.715] [sharedprocess] [info] Scanned user extensions: 10
[2019-05-13 15:04:41.776] [sharedprocess] [info] Scanned user extensions: 10
[2019-05-13 15:09:41.836] [sharedprocess] [info] Scanned user extensions: 10
[2019-05-13 15:14:41.900] [sharedprocess] [info] Scanned user extensions: 10
[2019-05-13 15:19:41.968] [sharedprocess] [info] Scanned user extensions: 10
[2019-05-13 15:24:42.034] [sharedprocess] [info] Scanned user extensions: 10
[2019-05-13 15:29:42.361] [sharedprocess] [info] Scanned user extensions: 10
[2019-05-13 15:34:42.445] [sharedprocess] [info] Scanned user extensions: 10
[2019-05-13 15:39:42.510] [sharedprocess] [info] Scanned user extensions: 10
[2019-05-13 15:44:42.579] [sharedprocess] [info] Scanned user extensions: 10
[2019-05-13 15:49:42.640] [sharedprocess] [info] Scanned user extensions: 10
[2019-05-13 15:54:42.697] [sharedprocess] [info] Scanned user extensions: 10
[2019-05-13 15:59:42.755] [sharedprocess] [info] Scanned user extensions: 10
[2019-05-13 16:04:42.822] [sharedprocess] [info] Scanned user extensions: 10
[2019-05-13 16:09:42.887] [sharedprocess] [info] Scanned user extensions: 10
[2019-05-13 16:14:43.001] [sharedprocess] [info] Scanned user extensions: 10
[2019-05-13 16:19:43.098] [sharedprocess] [info] Scanned user extensions: 10
[2019-05-13 16:24:43.194] [sharedprocess] [info] Scanned user extensions: 10
[2019-05-13 16:29:43.487] [sharedprocess] [info] Scanned user extensions: 10
[2019-05-13 16:34:43.554] [sharedprocess] [info] Scanned user extensions: 10
[2019-05-13 16:39:43.670] [sharedprocess] [info] Scanned user extensions: 10
[2019-05-13 16:44:43.760] [sharedprocess] [info] Scanned user extensions: 10
[2019-05-13 16:49:43.827] [sharedprocess] [info] Scanned user extensions: 10
[2019-05-13 16:54:43.888] [sharedprocess] [info] Scanned user extensions: 10
[2019-05-13 16:59:43.952] [sharedprocess] [info] Scanned user extensions: 10
[2019-05-13 17:04:44.019] [sharedprocess] [info] Scanned user extensions: 10
[2019-05-13 17:09:44.084] [sharedprocess] [info] Scanned user extensions: 10
[2019-05-13 17:14:44.147] [sharedprocess] [info] Scanned user extensions: 10
[2019-05-13 17:19:44.210] [sharedprocess] [info] Scanned user extensions: 10
[2019-05-13 17:24:44.303] [sharedprocess] [info] Scanned user extensions: 10
[2019-05-13 17:29:44.567] [sharedprocess] [info] Scanned user extensions: 10
[2019-05-13 17:34:44.635] [sharedprocess] [info] Scanned user extensions: 10
[2019-05-13 17:39:44.712] [sharedprocess] [info] Scanned user extensions: 10
[2019-05-13 17:44:44.781] [sharedprocess] [info] Scanned user extensions: 10
[2019-05-13 17:49:44.843] [sharedprocess] [info] Scanned user extensions: 10
[2019-05-13 17:54:44.906] [sharedprocess] [info] Scanned user extensions: 10
[2019-05-13 17:59:44.971] [sharedprocess] [info] Scanned user extensions: 10
[2019-05-13 18:04:45.034] [sharedprocess] [info] Scanned user extensions: 10
[2019-05-13 18:09:45.117] [sharedprocess] [info] Scanned user extensions: 10
[2019-05-13 18:14:45.215] [sharedprocess] [info] Scanned user extensions: 10
[2019-05-13 18:19:45.298] [sharedprocess] [info] Scanned user extensions: 10
[2019-05-13 18:24:45.411] [sharedprocess] [info] Scanned user extensions: 10
[2019-05-13 18:29:45.680] [sharedprocess] [info] Scanned user extensions: 10
